<?xml version="1.0" encoding="UTF-8"?>
<testsuite xmlns:xsi="http://www.w3.org/2001/XMLSchema-instance" xsi:noNamespaceSchemaLocation="https://maven.apache.org/surefire/maven-surefire-plugin/xsd/surefire-test-report-3.0.xsd" version="3.0" name="pl.edu.agh.kis.pz1.HotelTest" time="0.103" tests="1" errors="0" skipped="0" failures="0">
  <properties>
    <property name="java.specification.version" value="17"/>
    <property name="sun.cpu.isalist" value="amd64"/>
    <property name="sun.jnu.encoding" value="Cp1250"/>
    <property name="java.class.path" value="C:\Users\jan_b\OneDrive\Pulpit\Zadanie1PZ1\multi-module\model\target\test-classes;C:\Users\jan_b\OneDrive\Pulpit\Zadanie1PZ1\multi-module\model\target\classes;C:\Users\jan_b\.m2\repository\junit\junit\3.8.1\junit-3.8.1.jar;C:\Users\jan_b\OneDrive\Pulpit\Zadanie1PZ1\multi-module\utils\target\utils-1.0.jar;C:\Users\jan_b\.m2\repository\commons-codec\commons-codec\1.15\commons-codec-1.15.jar;C:\Users\jan_b\.m2\repository\commons-io\commons-io\2.11.0\commons-io-2.11.0.jar;C:\Users\jan_b\.m2\repository\org\apache\commons\commons-lang3\3.12.0\commons-lang3-3.12.0.jar;C:\Users\jan_b\.m2\repository\org\apache\commons\commons-csv\1.9.0\commons-csv-1.9.0.jar;C:\Users\jan_b\OneDrive\Pulpit\Zadanie1PZ1\multi-module\csvHandler\target\csvHandler-1.0.jar;C:\Users\jan_b\OneDrive\Pulpit\Zadanie1PZ1\multi-module\parseDate\target\parseDate-1.0.jar;C:\Users\jan_b\.m2\repository\org\junit\jupiter\junit-jupiter\5.8.2\junit-jupiter-5.8.2.jar;C:\Users\jan_b\.m2\repository\org\junit\jupiter\junit-jupiter-api\5.8.2\junit-jupiter-api-5.8.2.jar;C:\Users\jan_b\.m2\repository\org\opentest4j\opentest4j\1.2.0\opentest4j-1.2.0.jar;C:\Users\jan_b\.m2\repository\org\junit\platform\junit-platform-commons\1.8.2\junit-platform-commons-1.8.2.jar;C:\Users\jan_b\.m2\repository\org\apiguardian\apiguardian-api\1.1.2\apiguardian-api-1.1.2.jar;C:\Users\jan_b\.m2\repository\org\junit\jupiter\junit-jupiter-params\5.8.2\junit-jupiter-params-5.8.2.jar;C:\Users\jan_b\.m2\repository\org\junit\jupiter\junit-jupiter-engine\5.8.2\junit-jupiter-engine-5.8.2.jar;C:\Users\jan_b\.m2\repository\org\junit\platform\junit-platform-engine\1.8.2\junit-platform-engine-1.8.2.jar;C:\Users\jan_b\.m2\repository\org\reflections\reflections\0.10.2\reflections-0.10.2.jar;C:\Users\jan_b\.m2\repository\org\javassist\javassist\3.28.0-GA\javassist-3.28.0-GA.jar;C:\Users\jan_b\.m2\repository\com\google\code\findbugs\jsr305\3.0.2\jsr305-3.0.2.jar;C:\Users\jan_b\.m2\repository\org\slf4j\slf4j-nop\2.0.13\slf4j-nop-2.0.13.jar;C:\Users\jan_b\.m2\repository\org\slf4j\slf4j-api\2.0.13\slf4j-api-2.0.13.jar;"/>
    <property name="java.vm.vendor" value="Oracle Corporation"/>
    <property name="sun.arch.data.model" value="64"/>
    <property name="user.variant" value=""/>
    <property name="java.vendor.url" value="https://java.oracle.com/"/>
    <property name="user.timezone" value="Europe/Warsaw"/>
    <property name="os.name" value="Windows 11"/>
    <property name="java.vm.specification.version" value="17"/>
    <property name="sun.java.launcher" value="SUN_STANDARD"/>
    <property name="user.country" value="PL"/>
    <property name="sun.boot.library.path" value="C:\Program Files\Java\jdk-17\bin"/>
    <property name="sun.java.command" value="C:\Users\jan_b\AppData\Local\Temp\surefire1423151585773079010\surefirebooter-20241119150703847_13.jar C:\Users\jan_b\AppData\Local\Temp\surefire1423151585773079010 2024-11-19T15-06-56_658-jvmRun1 surefire-20241119150703847_11tmp surefire_3-20241119150703847_12tmp"/>
    <property name="jdk.debug" value="release"/>
    <property name="surefire.test.class.path" value="C:\Users\jan_b\OneDrive\Pulpit\Zadanie1PZ1\multi-module\model\target\test-classes;C:\Users\jan_b\OneDrive\Pulpit\Zadanie1PZ1\multi-module\model\target\classes;C:\Users\jan_b\.m2\repository\junit\junit\3.8.1\junit-3.8.1.jar;C:\Users\jan_b\OneDrive\Pulpit\Zadanie1PZ1\multi-module\utils\target\utils-1.0.jar;C:\Users\jan_b\.m2\repository\commons-codec\commons-codec\1.15\commons-codec-1.15.jar;C:\Users\jan_b\.m2\repository\commons-io\commons-io\2.11.0\commons-io-2.11.0.jar;C:\Users\jan_b\.m2\repository\org\apache\commons\commons-lang3\3.12.0\commons-lang3-3.12.0.jar;C:\Users\jan_b\.m2\repository\org\apache\commons\commons-csv\1.9.0\commons-csv-1.9.0.jar;C:\Users\jan_b\OneDrive\Pulpit\Zadanie1PZ1\multi-module\csvHandler\target\csvHandler-1.0.jar;C:\Users\jan_b\OneDrive\Pulpit\Zadanie1PZ1\multi-module\parseDate\target\parseDate-1.0.jar;C:\Users\jan_b\.m2\repository\org\junit\jupiter\junit-jupiter\5.8.2\junit-jupiter-5.8.2.jar;C:\Users\jan_b\.m2\repository\org\junit\jupiter\junit-jupiter-api\5.8.2\junit-jupiter-api-5.8.2.jar;C:\Users\jan_b\.m2\repository\org\opentest4j\opentest4j\1.2.0\opentest4j-1.2.0.jar;C:\Users\jan_b\.m2\repository\org\junit\platform\junit-platform-commons\1.8.2\junit-platform-commons-1.8.2.jar;C:\Users\jan_b\.m2\repository\org\apiguardian\apiguardian-api\1.1.2\apiguardian-api-1.1.2.jar;C:\Users\jan_b\.m2\repository\org\junit\jupiter\junit-jupiter-params\5.8.2\junit-jupiter-params-5.8.2.jar;C:\Users\jan_b\.m2\repository\org\junit\jupiter\junit-jupiter-engine\5.8.2\junit-jupiter-engine-5.8.2.jar;C:\Users\jan_b\.m2\repository\org\junit\platform\junit-platform-engine\1.8.2\junit-platform-engine-1.8.2.jar;C:\Users\jan_b\.m2\repository\org\reflections\reflections\0.10.2\reflections-0.10.2.jar;C:\Users\jan_b\.m2\repository\org\javassist\javassist\3.28.0-GA\javassist-3.28.0-GA.jar;C:\Users\jan_b\.m2\repository\com\google\code\findbugs\jsr305\3.0.2\jsr305-3.0.2.jar;C:\Users\jan_b\.m2\repository\org\slf4j\slf4j-nop\2.0.13\slf4j-nop-2.0.13.jar;C:\Users\jan_b\.m2\repository\org\slf4j\slf4j-api\2.0.13\slf4j-api-2.0.13.jar;"/>
    <property name="sun.cpu.endian" value="little"/>
    <property name="user.home" value="C:\Users\jan_b"/>
    <property name="user.language" value="pl"/>
    <property name="java.specification.vendor" value="Oracle Corporation"/>
    <property name="java.version.date" value="2024-07-16"/>
    <property name="java.home" value="C:\Program Files\Java\jdk-17"/>
    <property name="file.separator" value="\"/>
    <property name="basedir" value="C:\Users\jan_b\OneDrive\Pulpit\Zadanie1PZ1\multi-module\model"/>
    <property name="java.vm.compressedOopsMode" value="Zero based"/>
    <property name="line.separator" value="&#10;"/>
    <property name="java.vm.specification.vendor" value="Oracle Corporation"/>
    <property name="java.specification.name" value="Java Platform API Specification"/>
    <property name="surefire.real.class.path" value="C:\Users\jan_b\AppData\Local\Temp\surefire1423151585773079010\surefirebooter-20241119150703847_13.jar"/>
    <property name="user.script" value=""/>
    <property name="sun.management.compiler" value="HotSpot 64-Bit Tiered Compilers"/>
    <property name="java.runtime.version" value="17.0.12+8-LTS-286"/>
    <property name="user.name" value="jan_b"/>
    <property name="path.separator" value=";"/>
    <property name="os.version" value="10.0"/>
    <property name="java.runtime.name" value="Java(TM) SE Runtime Environment"/>
    <property name="file.encoding" value="Cp1250"/>
    <property name="java.vm.name" value="Java HotSpot(TM) 64-Bit Server VM"/>
    <property name="localRepository" value="C:\Users\jan_b\.m2\repository"/>
    <property name="java.vendor.url.bug" value="https://bugreport.java.com/bugreport/"/>
    <property name="java.io.tmpdir" value="C:\Users\jan_b\AppData\Local\Temp\"/>
    <property name="java.version" value="17.0.12"/>
    <property name="user.dir" value="C:\Users\jan_b\OneDrive\Pulpit\Zadanie1PZ1\multi-module\model"/>
    <property name="os.arch" value="amd64"/>
    <property name="java.vm.specification.name" value="Java Virtual Machine Specification"/>
    <property name="sun.os.patch.level" value=""/>
    <property name="native.encoding" value="Cp1250"/>
    <property name="java.library.path" value="C:\Program Files\Java\jdk-17\bin;C:\WINDOWS\Sun\Java\bin;C:\WINDOWS\system32;C:\WINDOWS;C:\Program Files\Java\jdk-17\bin;C:\Program Files\Common Files\Oracle\Java\javapath;C:\Windows\system32;C:\Windows;C:\Windows\System32\Wbem;C:\Windows\System32\WindowsPowerShell\v1.0\;C:\Windows\System32\OpenSSH\;C:\Program Files (x86)\NVIDIA Corporation\PhysX\Common;C:\Program Files\NVIDIA Corporation\NVIDIA NvDLISR;C:\MinGW\bin;C:\Program Files\Git\cmd;C:\Program Files\Microsoft SQL Server\150\Tools\Binn\;C:\Program Files\Microsoft SQL Server\Client SDK\ODBC\170\Tools\Binn\;C:\Program Files (x86)\Windows Kits\10\Windows Performance Toolkit\;C:\Program Files\JetBrains\PyCharm 2024.1.5\bin\;C:\Program Files\dotnet\;C:\WINDOWS\system32;C:\WINDOWS;C:\WINDOWS\System32\Wbem;C:\WINDOWS\System32\WindowsPowerShell\v1.0\;C:\WINDOWS\System32\OpenSSH\;C:\Program Files\PuTTY\;C:\Program Files\Java\jdk-17\bin;C:\Users\jan_b\AppData\Local\Programs\Python\Python313\Scripts\;C:\Users\jan_b\AppData\Local\Programs\Python\Python313\;C:\Users\jan_b\AppData\Local\Programs\Python\Launcher\;C:\Users\jan_b\AppData\Local\Microsoft\WindowsApps;C:\Program Files\JetBrains\CLion 2024.1.4\bin;;C:\Program Files\JetBrains\JetBrains Rider 2024.1.5\bin;;C:\Program Files\JetBrains\IntelliJ IDEA 2024.1.5\bin;;C:\Program Files\JetBrains\PyCharm 2024.1.5\bin;;C:\Users\jan_b\AppData\Local\GitHubDesktop\bin;C:\Users\jan_b\AppData\Local\Programs\Microsoft VS Code\bin;C:\Users\jan_b\.dotnet\tools;C:\Users\jan_b\Maven\apache-maven-3.9.9\bin;C:\Program Files\PostgreSQL\17\bin;C:\Program Files\wkhtmltopdf\bin;;."/>
    <property name="java.vm.info" value="mixed mode, sharing"/>
    <property name="java.vendor" value="Oracle Corporation"/>
    <property name="java.vm.version" value="17.0.12+8-LTS-286"/>
    <property name="sun.io.unicode.encoding" value="UnicodeLittle"/>
    <property name="java.class.version" value="61.0"/>
  </properties>
  <testcase name="retAnythingTest" classname="pl.edu.agh.kis.pz1.HotelTest" time="0.07">
    <system-out><![CDATA[Room 101
Opis: VIP
Cena: 100
$Gosc glowny: John Smith
Goscie dodatkowi: Sarah Smith
Data zameldowania: 2024-11-10
Pojemnosc: 4
Czas trwania pobytu: 4

Room 102
Opis: VIP
Cena: 100
$Gosc glowny: Sarah Johnson
Goscie dodatkowi: 
Data zameldowania: 
Pojemnosc: 4
Czas trwania pobytu: 1

Room 103
Opis: Deluxe
Cena: 75
$Gosc glowny: John Thompson
Goscie dodatkowi: Linda Thompson Alex A
Data zameldowania: 2024-11-08
Pojemnosc: 3
Czas trwania pobytu: 6

Room 104
Opis: VIP
Cena: 100
$Gosc glowny: 
Goscie dodatkowi: 
Data zameldowania: 
Pojemnosc: 4
Czas trwania pobytu: 

Room 201
Opis: Normal
Cena: 20
$Gosc glowny: John Brown
Goscie dodatkowi: Sarah Brown
Data zameldowania: 2024-11-10
Pojemnosc: 2
Czas trwania pobytu: 1

Room 202
Opis: Normal
Cena: 20
$Gosc glowny: Michael Green
Goscie dodatkowi: 
Data zameldowania: 
Pojemnosc: 2
Czas trwania pobytu: 9

Room 203
Opis: Normal
Cena: 20
$Gosc glowny: Sarah Adams
Goscie dodatkowi: 
Data zameldowania: 
Pojemnosc: 2
Czas trwania pobytu: 8

Room 204
Opis: Normal
Cena: 20
$Gosc glowny: Sarah Wilson
Goscie dodatkowi: John Wilson
Data zameldowania: 2024-11-10
Pojemnosc: 2
Czas trwania pobytu: 1

Room 205
Opis: Normal
Cena: 20
$Gosc glowny: John Black
Goscie dodatkowi: Sarah Black
Data zameldowania: 2024-11-10
Pojemnosc: 2
Czas trwania pobytu: 1

Room 206
Opis: Normal
Cena: 20
$Gosc glowny: 
Goscie dodatkowi: 
Data zameldowania: 
Pojemnosc: 2
Czas trwania pobytu: 

Room 301
Opis: Normal+
Cena: 35
$Gosc glowny: John Taylor
Goscie dodatkowi: 
Data zameldowania: 
Pojemnosc: 2
Czas trwania pobytu: 1

Room 302
Opis: Normal+
Cena: 35
$Gosc glowny: Sarah Taylor
Goscie dodatkowi: 
Data zameldowania: 
Pojemnosc: 2
Czas trwania pobytu: 5

Room 303
Opis: Normal+
Cena: 35
$Gosc glowny: John White
Goscie dodatkowi: Sarah White
Data zameldowania: 2024-11-10
Pojemnosc: 2
Czas trwania pobytu: 1

Room 304
Opis: Normal+
Cena: 35
$Gosc glowny: John Walker
Goscie dodatkowi: 
Data zameldowania: 
Pojemnosc: 2
Czas trwania pobytu: 1

Room 305
Opis: Normal+
Cena: 35
$Gosc glowny: 
Goscie dodatkowi: 
Data zameldowania: 
Pojemnosc: 2
Czas trwania pobytu: 

Room 401
Opis: Suite
Cena: 55
$Gosc glowny: Michael Wilson
Goscie dodatkowi: John King
Data zameldowania: 2024-11-10
Pojemnosc: 3
Czas trwania pobytu: 4

Room 402
Opis: Suite
Cena: 55
$Gosc glowny: Sarah King
Goscie dodatkowi: Linda Lee Sarah Lee
Data zameldowania: 2024-11-07
Pojemnosc: 3
Czas trwania pobytu: 7

Room 403
Opis: Suite
Cena: 55
$Gosc glowny: John Lee
Goscie dodatkowi: 
Data zameldowania: 
Pojemnosc: 3
Czas trwania pobytu: 1

Room 404
Opis: Normal
Cena: 20
$Gosc glowny: 
Goscie dodatkowi: 
Data zameldowania: 
Pojemnosc: 2
Czas trwania pobytu: 

Room 405
Opis: Suite
Cena: 55
$Gosc glowny: 
Goscie dodatkowi: Sarah Black
Data zameldowania: 2024-11-19
Pojemnosc: 3
Czas trwania pobytu: 

Room 501
Opis: VIP
Cena: 100
$Gosc glowny: John Black
Goscie dodatkowi: 
Data zameldowania: 
Pojemnosc: 4
Czas trwania pobytu: 8

Room 502
Opis: VIP
Cena: 100
$Gosc glowny: Sarah Rivera
Goscie dodatkowi: 
Data zameldowania: 
Pojemnosc: 4
Czas trwania pobytu: 1

Room 503
Opis: VIP
Cena: 100
$Gosc glowny: 
Goscie dodatkowi: Sarah Harris
Data zameldowania: 2024-11-19
Pojemnosc: 4
Czas trwania pobytu: 

Room 601
Opis: Deluxe
Cena: 75
$Gosc glowny: Sarah Davis
Goscie dodatkowi: 
Data zameldowania: 
Pojemnosc: 3
Czas trwania pobytu: 10

Room 602
Opis: Deluxe
Cena: 75
$Gosc glowny: John Harris
Goscie dodatkowi: 
Data zameldowania: 
Pojemnosc: 3
Czas trwania pobytu: 1

Room 603
Opis: Deluxe
Cena: 75
$Gosc glowny: Michael Kim
Goscie dodatkowi: Linda Carter Alex B
Data zameldowania: 2024-11-10
Pojemnosc: 3
Czas trwania pobytu: 1

Room 604
Opis: Deluxe
Cena: 75
$Gosc glowny: 
Goscie dodatkowi: 
Data zameldowania: 
Pojemnosc: 3
Czas trwania pobytu: 1

Room 701
Opis: Penthouse
Cena: 150
$Gosc glowny: Michael Carter
Goscie dodatkowi: 
Data zameldowania: 
Pojemnosc: 5
Czas trwania pobytu: 4

Room 702
Opis: Penthouse
Cena: 150
$Gosc glowny: 
Goscie dodatkowi: 
Data zameldowania: 
Pojemnosc: 5
Czas trwania pobytu: 


]]></system-out>
  </testcase>
</testsuite>